# JRE version: OpenJDK Runtime Environment (8.0_152-b01) (build 1.8.0_152-release-1343-b01)
# Java VM: OpenJDK 64-Bit Server VM (25.152-b01 mixed mode windows-amd64 compressed oops)
Heap:
 PSYoungGen      total 315904K, used 138510K [0x00000000e0000000, 0x00000000f9780000, 0x0000000100000000)
  eden space 279552K, 49% used [0x00000000e0000000,0x00000000e8743ac0,0x00000000f1100000)
  from space 36352K, 0% used [0x00000000f1100000,0x00000000f1100000,0x00000000f3480000)
  to   space 36864K, 0% used [0x00000000f7380000,0x00000000f7380000,0x00000000f9780000)
 ParOldGen       total 361984K, used 38052K [0x00000000a0000000, 0x00000000b6180000, 0x00000000e0000000)
  object space 361984K, 10% used [0x00000000a0000000,0x00000000a25292d0,0x00000000b6180000)
 Metaspace       used 94367K, capacity 97896K, committed 99328K, reserved 1136640K
  class space    used 11868K, capacity 12556K, committed 12800K, reserved 1048576K
GC Heap History (10 events):
Event: 2069.284 GC heap before
{Heap before GC invocations=31 (full 3):
 PSYoungGen      total 270336K, used 256030K [0x00000000e0000000, 0x00000000f3d80000, 0x0000000100000000)
  eden space 236544K, 100% used [0x00000000e0000000,0x00000000ee700000,0x00000000ee700000)
  from space 33792K, 57% used [0x00000000ee700000,0x00000000efa07920,0x00000000f0800000)
  to   space 32768K, 0% used [0x00000000f1d80000,0x00000000f1d80000,0x00000000f3d80000)
 ParOldGen       total 317440K, used 54787K [0x00000000a0000000, 0x00000000b3600000, 0x00000000e0000000)
  object space 317440K, 17% used [0x00000000a0000000,0x00000000a3580f38,0x00000000b3600000)
 Metaspace       used 90884K, capacity 94622K, committed 94976K, reserved 1132544K
  class space    used 11472K, capacity 12189K, committed 12288K, reserved 1048576K
Event: 2069.297 GC heap after
Heap after GC invocations=31 (full 3):
 PSYoungGen      total 288256K, used 15476K [0x00000000e0000000, 0x00000000f3b00000, 0x0000000100000000)
  eden space 258048K, 0% used [0x00000000e0000000,0x00000000e0000000,0x00000000efc00000)
  from space 30208K, 51% used [0x00000000f1d80000,0x00000000f2c9d3f8,0x00000000f3b00000)
  to   space 32256K, 0% used [0x00000000efc00000,0x00000000efc00000,0x00000000f1b80000)
 ParOldGen       total 317440K, used 55343K [0x00000000a0000000, 0x00000000b3600000, 0x00000000e0000000)
  object space 317440K, 17% used [0x00000000a0000000,0x00000000a360bf58,0x00000000b3600000)
 Metaspace       used 90884K, capacity 94622K, committed 94976K, reserved 1132544K
  class space    used 11472K, capacity 12189K, committed 12288K, reserved 1048576K
}
Event: 2070.266 GC heap before
{Heap before GC invocations=32 (full 3):
 PSYoungGen      total 288256K, used 273524K [0x00000000e0000000, 0x00000000f3b00000, 0x0000000100000000)
  eden space 258048K, 100% used [0x00000000e0000000,0x00000000efc00000,0x00000000efc00000)
  from space 30208K, 51% used [0x00000000f1d80000,0x00000000f2c9d3f8,0x00000000f3b00000)
  to   space 32256K, 0% used [0x00000000efc00000,0x00000000efc00000,0x00000000f1b80000)
 ParOldGen       total 317440K, used 55343K [0x00000000a0000000, 0x00000000b3600000, 0x00000000e0000000)
  object space 317440K, 17% used [0x00000000a0000000,0x00000000a360bf58,0x00000000b3600000)
 Metaspace       used 91507K, capacity 95322K, committed 95488K, reserved 1132544K
  class space    used 11536K, capacity 12275K, committed 12288K, reserved 1048576K
Event: 2070.289 GC heap after
Heap after GC invocations=32 (full 3):
 PSYoungGen      total 290304K, used 32187K [0x00000000e0000000, 0x00000000f5900000, 0x0000000100000000)
  eden space 258048K, 0% used [0x00000000e0000000,0x00000000e0000000,0x00000000efc00000)
  from space 32256K, 99% used [0x00000000efc00000,0x00000000f1b6ec80,0x00000000f1b80000)
  to   space 35328K, 0% used [0x00000000f3680000,0x00000000f3680000,0x00000000f5900000)
 ParOldGen       total 317440K, used 58241K [0x00000000a0000000, 0x00000000b3600000, 0x00000000e0000000)
  object space 317440K, 18% used [0x00000000a0000000,0x00000000a38e0448,0x00000000b3600000)
 Metaspace       used 91507K, capacity 95322K, committed 95488K, reserved 1132544K
  class space    used 11536K, capacity 12275K, committed 12288K, reserved 1048576K
}
Event: 2072.810 GC heap before
{Heap before GC invocations=33 (full 3):
 PSYoungGen      total 290304K, used 290235K [0x00000000e0000000, 0x00000000f5900000, 0x0000000100000000)
  eden space 258048K, 100% used [0x00000000e0000000,0x00000000efc00000,0x00000000efc00000)
  from space 32256K, 99% used [0x00000000efc00000,0x00000000f1b6ec80,0x00000000f1b80000)
  to   space 35328K, 0% used [0x00000000f3680000,0x00000000f3680000,0x00000000f5900000)
 ParOldGen       total 317440K, used 58241K [0x00000000a0000000, 0x00000000b3600000, 0x00000000e0000000)
  object space 317440K, 18% used [0x00000000a0000000,0x00000000a38e0448,0x00000000b3600000)
 Metaspace       used 94105K, capacity 98372K, committed 98496K, reserved 1134592K
  class space    used 11901K, capacity 12718K, committed 12800K, reserved 1048576K
Event: 2072.823 GC heap after
Heap after GC invocations=33 (full 3):
 PSYoungGen      total 313856K, used 8975K [0x00000000e0000000, 0x00000000f5800000, 0x0000000100000000)
  eden space 279552K, 0% used [0x00000000e0000000,0x00000000e0000000,0x00000000f1100000)
  from space 34304K, 26% used [0x00000000f3680000,0x00000000f3f43cb0,0x00000000f5800000)
  to   space 36352K, 0% used [0x00000000f1100000,0x00000000f1100000,0x00000000f3480000)
 ParOldGen       total 317440K, used 61497K [0x00000000a0000000, 0x00000000b3600000, 0x00000000e0000000)
  object space 317440K, 19% used [0x00000000a0000000,0x00000000a3c0e4d0,0x00000000b3600000)
 Metaspace       used 94105K, capacity 98372K, committed 98496K, reserved 1134592K
  class space    used 11901K, capacity 12718K, committed 12800K, reserved 1048576K
}
Event: 2072.830 GC heap before
{Heap before GC invocations=34 (full 3):
 PSYoungGen      total 313856K, used 9443K [0x00000000e0000000, 0x00000000f5800000, 0x0000000100000000)
  eden space 279552K, 0% used [0x00000000e0000000,0x00000000e0074f60,0x00000000f1100000)
  from space 34304K, 26% used [0x00000000f3680000,0x00000000f3f43cb0,0x00000000f5800000)
  to   space 36352K, 0% used [0x00000000f1100000,0x00000000f1100000,0x00000000f3480000)
 ParOldGen       total 317440K, used 61497K [0x00000000a0000000, 0x00000000b3600000, 0x00000000e0000000)
  object space 317440K, 19% used [0x00000000a0000000,0x00000000a3c0e4d0,0x00000000b3600000)
 Metaspace       used 94134K, capacity 98404K, committed 98496K, reserved 1134592K
  class space    used 11907K, capacity 12750K, committed 12800K, reserved 1048576K
Event: 2072.837 GC heap after
Heap after GC invocations=34 (full 3):
 PSYoungGen      total 315904K, used 5871K [0x00000000e0000000, 0x00000000f9780000, 0x0000000100000000)
  eden space 279552K, 0% used [0x00000000e0000000,0x00000000e0000000,0x00000000f1100000)
  from space 36352K, 16% used [0x00000000f1100000,0x00000000f16bbe50,0x00000000f3480000)
  to   space 36864K, 0% used [0x00000000f7380000,0x00000000f7380000,0x00000000f9780000)
 ParOldGen       total 317440K, used 62481K [0x00000000a0000000, 0x00000000b3600000, 0x00000000e0000000)
  object space 317440K, 19% used [0x00000000a0000000,0x00000000a3d044f0,0x00000000b3600000)
 Metaspace       used 94134K, capacity 98404K, committed 98496K, reserved 1134592K
  class space    used 11907K, capacity 12750K, committed 12800K, reserved 1048576K
}
Event: 2072.837 GC heap before
{Heap before GC invocations=35 (full 4):
 PSYoungGen      total 315904K, used 5871K [0x00000000e0000000, 0x00000000f9780000, 0x0000000100000000)
  eden space 279552K, 0% used [0x00000000e0000000,0x00000000e0000000,0x00000000f1100000)
  from space 36352K, 16% used [0x00000000f1100000,0x00000000f16bbe50,0x00000000f3480000)
  to   space 36864K, 0% used [0x00000000f7380000,0x00000000f7380000,0x00000000f9780000)
 ParOldGen       total 317440K, used 62481K [0x00000000a0000000, 0x00000000b3600000, 0x00000000e0000000)
  object space 317440K, 19% used [0x00000000a0000000,0x00000000a3d044f0,0x00000000b3600000)
 Metaspace       used 94134K, capacity 98404K, committed 98496K, reserved 1134592K
  class space    used 11907K, capacity 12750K, committed 12800K, reserved 1048576K
Event: 2072.997 GC heap after
Heap after GC invocations=35 (full 4):
 PSYoungGen      total 315904K, used 0K [0x00000000e0000000, 0x00000000f9780000, 0x0000000100000000)
  eden space 279552K, 0% used [0x00000000e0000000,0x00000000e0000000,0x00000000f1100000)
  from space 36352K, 0% used [0x00000000f1100000,0x00000000f1100000,0x00000000f3480000)
  to   space 36864K, 0% used [0x00000000f7380000,0x00000000f7380000,0x00000000f9780000)
 ParOldGen       total 361984K, used 38052K [0x00000000a0000000, 0x00000000b6180000, 0x00000000e0000000)
  object space 361984K, 10% used [0x00000000a0000000,0x00000000a25292d0,0x00000000b6180000)
 Metaspace       used 93214K, capacity 96572K, committed 98496K, reserved 1134592K
  class space    used 11717K, capacity 12408K, committed 12800K, reserved 1048576K
}

